<?xml version="1.0" encoding="UTF-8" ?>
<testsuites>
 <testsuite name="test" timestamp="2016-05-16T09:12:38" hostname="localhost" time="0.005" errors="0" tests="2" skipped="0" disabled="0" failures="1">
  <testcase classname="test" name="has a dummy spec" time="0.002" />
  <testcase classname="test" name="has another dummy spec" time="0.002">
   <failure type="exception" message="ReferenceError: xexpect is not defined"><![CDATA[ReferenceError: xexpect is not defined
    at Object.<anonymous> (/Users/Marcus/Developer/WebstormProjects/wait-no-more/src/spec/unit/connection-pool.spec.js:22:5)
    at attemptSync (/Users/Marcus/Developer/WebstormProjects/wait-no-more/node_modules/jasmine-core/lib/jasmine-core/jasmine.js:1886:24)
    at QueueRunner.run (/Users/Marcus/Developer/WebstormProjects/wait-no-more/node_modules/jasmine-core/lib/jasmine-core/jasmine.js:1874:9)
    at QueueRunner.execute (/Users/Marcus/Developer/WebstormProjects/wait-no-more/node_modules/jasmine-core/lib/jasmine-core/jasmine.js:1859:10)
    at Spec.Env.queueRunnerFactory (/Users/Marcus/Developer/WebstormProjects/wait-no-more/node_modules/jasmine-core/lib/jasmine-core/jasmine.js:697:35)
    at Spec.execute (/Users/Marcus/Developer/WebstormProjects/wait-no-more/node_modules/jasmine-core/lib/jasmine-core/jasmine.js:359:10)
    at Object.fn (/Users/Marcus/Developer/WebstormProjects/wait-no-more/node_modules/jasmine-core/lib/jasmine-core/jasmine.js:2479:37)
    at attemptAsync (/Users/Marcus/Developer/WebstormProjects/wait-no-more/node_modules/jasmine-core/lib/jasmine-core/jasmine.js:1916:24)
    at QueueRunner.run (/Users/Marcus/Developer/WebstormProjects/wait-no-more/node_modules/jasmine-core/lib/jasmine-core/jasmine.js:1871:9)
    at /Users/Marcus/Developer/WebstormProjects/wait-no-more/node_modules/jasmine-core/lib/jasmine-core/jasmine.js:1898:16
    at /Users/Marcus/Developer/WebstormProjects/wait-no-more/node_modules/jasmine-core/lib/jasmine-core/jasmine.js:1842:9
    at complete (/Users/Marcus/Developer/WebstormProjects/wait-no-more/node_modules/jasmine-core/lib/jasmine-core/jasmine.js:371:9)
    at QueueRunner.clearStack (/Users/Marcus/Developer/WebstormProjects/wait-no-more/node_modules/jasmine-core/lib/jasmine-core/jasmine.js:660:9)
    at QueueRunner.run (/Users/Marcus/Developer/WebstormProjects/wait-no-more/node_modules/jasmine-core/lib/jasmine-core/jasmine.js:1881:12)
    at QueueRunner.execute (/Users/Marcus/Developer/WebstormProjects/wait-no-more/node_modules/jasmine-core/lib/jasmine-core/jasmine.js:1859:10)
    at Spec.Env.queueRunnerFactory (/Users/Marcus/Developer/WebstormProjects/wait-no-more/node_modules/jasmine-core/lib/jasmine-core/jasmine.js:697:35)]]>
   </failure>
  </testcase>
 </testsuite>
</testsuites>